2019-01-15 10:56:16 [::1][-][vm9d7lja109i56huulqa09613o][error][yii\base\UnknownMethodException] yii\base\UnknownMethodException: Calling unknown method: common\models\User::setPassword() in C:\xampp\htdocs\Ticket-Selling\backend\advanced\vendor\yiisoft\yii2\base\Component.php:300
Stack trace:
#0 C:\xampp\htdocs\Ticket-Selling\backend\advanced\frontend\models\SignupForm.php(53): yii\base\Component->__call('setPassword', Array)
#1 C:\xampp\htdocs\Ticket-Selling\backend\advanced\frontend\controllers\SiteController.php(155): frontend\models\SignupForm->signup()
#2 [internal function]: frontend\controllers\SiteController->actionSignup()
#3 C:\xampp\htdocs\Ticket-Selling\backend\advanced\vendor\yiisoft\yii2\base\InlineAction.php(57): call_user_func_array(Array, Array)
#4 C:\xampp\htdocs\Ticket-Selling\backend\advanced\vendor\yiisoft\yii2\base\Controller.php(157): yii\base\InlineAction->runWithParams(Array)
#5 C:\xampp\htdocs\Ticket-Selling\backend\advanced\vendor\yiisoft\yii2\base\Module.php(528): yii\base\Controller->runAction('signup', Array)
#6 C:\xampp\htdocs\Ticket-Selling\backend\advanced\vendor\yiisoft\yii2\web\Application.php(103): yii\base\Module->runAction('site/signup', Array)
#7 C:\xampp\htdocs\Ticket-Selling\backend\advanced\vendor\yiisoft\yii2\base\Application.php(386): yii\web\Application->handleRequest(Object(yii\web\Request))
#8 C:\xampp\htdocs\Ticket-Selling\backend\advanced\frontend\web\index.php(17): yii\base\Application->run()
#9 {main}
2019-01-15 10:56:15 [::1][-][vm9d7lja109i56huulqa09613o][info][application] $_GET = []

$_POST = [
    '_csrf-frontend' => 'IoDCfbEurHEZlkYPpDyG0aSeXReKvx3GT33_K519lt5Hx4oi9HvKNFjCME37a7ac968qYuzJRLQpDod7qTrvlA=='
    'SignupForm' => [
        'username' => 'mmm'
        'email' => 'mmm@mm.com'
        'password' => '123456'
    ]
    'signup-button' => ''
]

$_FILES = []

$_COOKIE = [
    '_identity' => 'b265b5471b16a62e18928f97c5ea7b30903d151e3811dc695704f5e619efb7e2a:2:{i:0;s:9:\"_identity\";i:1;s:28:\"[\"101\",\"test101key\",2592000]\";}'
    'advanced-backend' => 'fltvsvhau3srv9mkjb17vnb8sg'
    '_identity-backend' => 'b72a96cfd746951cb859ab7fcad9f9177b9f96f838a6071c139a9a8799e7eeb6a:2:{i:0;s:17:\"_identity-backend\";i:1;s:18:\"[3,\"123a\",2592000]\";}'
    '_csrf-backend' => 'c6f83210e43542980dbb0d9fe257120adacbfe4c834847b59b351e0aabb15774a:2:{i:0;s:13:\"_csrf-backend\";i:1;s:32:\"aBuQ7TrZhNnAMSsrQwTLjl-npBVoen1w\";}'
    'advanced-frontend' => 'vm9d7lja109i56huulqa09613o'
    '_csrf-frontend' => 'aa8e96a19225e314507b9e8e61a4c51a66dcc87746a57d0fb0e64324b7499d48a:2:{i:0;s:14:\"_csrf-frontend\";i:1;s:32:\"eGH_EUfEATvB_W0MS1wufvYrfsxP4GyJ\";}'
]

$_SESSION = [
    '__flash' => []
]

$_SERVER = [
    'REDIRECT_MIBDIRS' => 'C:/xampp/php/extras/mibs'
    'REDIRECT_MYSQL_HOME' => '\\xampp\\mysql\\bin'
    'REDIRECT_OPENSSL_CONF' => 'C:/xampp/apache/bin/openssl.cnf'
    'REDIRECT_PHP_PEAR_SYSCONF_DIR' => '\\xampp\\php'
    'REDIRECT_PHPRC' => '\\xampp\\php'
    'REDIRECT_TMP' => '\\xampp\\tmp'
    'REDIRECT_STATUS' => '200'
    'MIBDIRS' => 'C:/xampp/php/extras/mibs'
    'MYSQL_HOME' => '\\xampp\\mysql\\bin'
    'OPENSSL_CONF' => 'C:/xampp/apache/bin/openssl.cnf'
    'PHP_PEAR_SYSCONF_DIR' => '\\xampp\\php'
    'PHPRC' => '\\xampp\\php'
    'TMP' => '\\xampp\\tmp'
    'HTTP_HOST' => 'localhost'
    'HTTP_CONNECTION' => 'keep-alive'
    'CONTENT_LENGTH' => '218'
    'HTTP_CACHE_CONTROL' => 'max-age=0'
    'HTTP_ORIGIN' => 'http://localhost'
    'HTTP_UPGRADE_INSECURE_REQUESTS' => '1'
    'CONTENT_TYPE' => 'application/x-www-form-urlencoded'
    'HTTP_USER_AGENT' => 'Mozilla/5.0 (Windows NT 10.0; Win64; x64) AppleWebKit/537.36 (KHTML, like Gecko) Chrome/71.0.3578.98 Safari/537.36'
    'HTTP_ACCEPT' => 'text/html,application/xhtml+xml,application/xml;q=0.9,image/webp,image/apng,*/*;q=0.8'
    'HTTP_REFERER' => 'http://localhost/Ticket-Selling/backend/advanced/frontend/web/site/signup'
    'HTTP_ACCEPT_ENCODING' => 'gzip, deflate, br'
    'HTTP_ACCEPT_LANGUAGE' => 'en-US,en;q=0.9'
    'HTTP_COOKIE' => '_identity=b265b5471b16a62e18928f97c5ea7b30903d151e3811dc695704f5e619efb7e2a%3A2%3A%7Bi%3A0%3Bs%3A9%3A%22_identity%22%3Bi%3A1%3Bs%3A28%3A%22%5B%22101%22%2C%22test101key%22%2C2592000%5D%22%3B%7D; advanced-backend=fltvsvhau3srv9mkjb17vnb8sg; _identity-backend=b72a96cfd746951cb859ab7fcad9f9177b9f96f838a6071c139a9a8799e7eeb6a%3A2%3A%7Bi%3A0%3Bs%3A17%3A%22_identity-backend%22%3Bi%3A1%3Bs%3A18%3A%22%5B3%2C%22123a%22%2C2592000%5D%22%3B%7D; _csrf-backend=c6f83210e43542980dbb0d9fe257120adacbfe4c834847b59b351e0aabb15774a%3A2%3A%7Bi%3A0%3Bs%3A13%3A%22_csrf-backend%22%3Bi%3A1%3Bs%3A32%3A%22aBuQ7TrZhNnAMSsrQwTLjl-npBVoen1w%22%3B%7D; advanced-frontend=vm9d7lja109i56huulqa09613o; _csrf-frontend=aa8e96a19225e314507b9e8e61a4c51a66dcc87746a57d0fb0e64324b7499d48a%3A2%3A%7Bi%3A0%3Bs%3A14%3A%22_csrf-frontend%22%3Bi%3A1%3Bs%3A32%3A%22eGH_EUfEATvB_W0MS1wufvYrfsxP4GyJ%22%3B%7D'
    'PATH' => 'C:\\Windows\\system32;C:\\Windows;C:\\Windows\\System32\\Wbem;C:\\Windows\\System32\\WindowsPowerShell\\v1.0\\;C:\\Program Files (x86)\\Brackets\\command\\;C:\\xampp\\php;C:\\composer;C:\\Users\\Milan A Limbasiya\\AppData\\Local\\GitHubDesktop\\bin;C:\\Program Files\\Git\\cmd;C:\\Users\\Milan A Limbasiya\\AppData\\Roaming\\Composer\\vendor\\bin;C:\\Users\\Milan A Limbasiya\\AppData\\Local\\GitHubDesktop\\bin'
    'SystemRoot' => 'C:\\Windows'
    'COMSPEC' => 'C:\\Windows\\system32\\cmd.exe'
    'PATHEXT' => '.COM;.EXE;.BAT;.CMD;.VBS;.VBE;.JS;.JSE;.WSF;.WSH;.MSC'
    'WINDIR' => 'C:\\Windows'
    'SERVER_SIGNATURE' => '<address>Apache/2.4.37 (Win32) OpenSSL/1.1.1a PHP/7.3.0 Server at localhost Port 80</address>
'
    'SERVER_SOFTWARE' => 'Apache/2.4.37 (Win32) OpenSSL/1.1.1a PHP/7.3.0'
    'SERVER_NAME' => 'localhost'
    'SERVER_ADDR' => '::1'
    'SERVER_PORT' => '80'
    'REMOTE_ADDR' => '::1'
    'DOCUMENT_ROOT' => 'C:/xampp/htdocs'
    'REQUEST_SCHEME' => 'http'
    'CONTEXT_PREFIX' => ''
    'CONTEXT_DOCUMENT_ROOT' => 'C:/xampp/htdocs'
    'SERVER_ADMIN' => 'postmaster@localhost'
    'SCRIPT_FILENAME' => 'C:/xampp/htdocs/Ticket-Selling/backend/advanced/frontend/web/index.php'
    'REMOTE_PORT' => '63389'
    'REDIRECT_URL' => '/Ticket-Selling/backend/advanced/frontend/web/site/signup'
    'GATEWAY_INTERFACE' => 'CGI/1.1'
    'SERVER_PROTOCOL' => 'HTTP/1.1'
    'REQUEST_METHOD' => 'POST'
    'QUERY_STRING' => ''
    'REQUEST_URI' => '/Ticket-Selling/backend/advanced/frontend/web/site/signup'
    'SCRIPT_NAME' => '/Ticket-Selling/backend/advanced/frontend/web/index.php'
    'PHP_SELF' => '/Ticket-Selling/backend/advanced/frontend/web/index.php'
    'REQUEST_TIME_FLOAT' => 1547546175.917
    'REQUEST_TIME' => 1547546175
]
